[0.739s] DEBUG:colcon:Command line arguments: ['/usr/bin/colcon', 'build']
[0.740s] DEBUG:colcon:Parsed command line arguments: Namespace(log_base=None, log_level=None, verb_name='build', build_base='build', install_base='install', merge_install=False, symlink_install=False, test_result_base=None, continue_on_error=False, executor='parallel', parallel_workers=4, event_handlers=None, ignore_user_meta=False, metas=['./colcon.meta'], base_paths=['.'], packages_ignore=None, packages_ignore_regex=None, paths=None, packages_up_to=None, packages_up_to_regex=None, packages_above=None, packages_above_and_dependencies=None, packages_above_depth=None, packages_select_by_dep=None, packages_skip_by_dep=None, packages_skip_up_to=None, packages_select_build_failed=False, packages_skip_build_finished=False, packages_select_test_failures=False, packages_skip_test_passed=False, packages_select=None, packages_skip=None, packages_select_regex=None, packages_skip_regex=None, packages_start=None, packages_end=None, allow_overriding=[], cmake_args=None, cmake_target=None, cmake_target_skip_unavailable=False, cmake_clean_cache=False, cmake_clean_first=False, cmake_force_configure=False, ament_cmake_args=None, catkin_cmake_args=None, catkin_skip_building_tests=False, mixin_files=None, mixin=None, verb_parser=<colcon_mixin.mixin.mixin_argument.MixinArgumentDecorator object at 0xffffa8a56380>, verb_extension=<colcon_core.verb.build.BuildVerb object at 0xffffa8be7cd0>, main=<bound method BuildVerb.main of <colcon_core.verb.build.BuildVerb object at 0xffffa8be7cd0>>, mixin_verb=('build',))
[2.163s] Level 1:colcon.colcon_core.package_discovery:discover_packages(colcon_meta) check parameters
[2.164s] Level 1:colcon.colcon_core.package_discovery:discover_packages(recursive) check parameters
[2.164s] Level 1:colcon.colcon_core.package_discovery:discover_packages(ignore) check parameters
[2.164s] Level 1:colcon.colcon_core.package_discovery:discover_packages(path) check parameters
[2.164s] Level 1:colcon.colcon_core.package_discovery:discover_packages(colcon_meta) discover
[2.165s] Level 1:colcon.colcon_core.package_discovery:discover_packages(recursive) discover
[2.165s] INFO:colcon.colcon_core.package_discovery:Crawling recursively for packages in '/home/sambergeni/ros2_ws'
[2.165s] Level 1:colcon.colcon_core.package_identification:_identify(.) by extensions ['ignore', 'ignore_ament_install']
[2.166s] Level 1:colcon.colcon_core.package_identification:_identify(.) by extension 'ignore'
[2.166s] Level 1:colcon.colcon_core.package_identification:_identify(.) by extension 'ignore_ament_install'
[2.166s] Level 1:colcon.colcon_core.package_identification:_identify(.) by extensions ['colcon_pkg']
[2.167s] Level 1:colcon.colcon_core.package_identification:_identify(.) by extension 'colcon_pkg'
[2.167s] Level 1:colcon.colcon_core.package_identification:_identify(.) by extensions ['colcon_meta']
[2.167s] Level 1:colcon.colcon_core.package_identification:_identify(.) by extension 'colcon_meta'
[2.167s] Level 1:colcon.colcon_core.package_identification:_identify(.) by extensions ['ros']
[2.167s] Level 1:colcon.colcon_core.package_identification:_identify(.) by extension 'ros'
[2.277s] Level 1:colcon.colcon_core.package_identification:_identify(.) by extensions ['cmake', 'python']
[2.278s] Level 1:colcon.colcon_core.package_identification:_identify(.) by extension 'cmake'
[2.278s] Level 1:colcon.colcon_core.package_identification:_identify(.) by extension 'python'
[2.278s] Level 1:colcon.colcon_core.package_identification:_identify(.) by extensions ['python_setup_py']
[2.278s] Level 1:colcon.colcon_core.package_identification:_identify(.) by extension 'python_setup_py'
[2.279s] Level 1:colcon.colcon_core.package_identification:_identify(build) by extensions ['ignore', 'ignore_ament_install']
[2.279s] Level 1:colcon.colcon_core.package_identification:_identify(build) by extension 'ignore'
[2.279s] Level 1:colcon.colcon_core.package_identification:_identify(build) ignored
[2.280s] Level 1:colcon.colcon_core.package_identification:_identify(install) by extensions ['ignore', 'ignore_ament_install']
[2.281s] Level 1:colcon.colcon_core.package_identification:_identify(install) by extension 'ignore'
[2.281s] Level 1:colcon.colcon_core.package_identification:_identify(install) ignored
[2.282s] Level 1:colcon.colcon_core.package_identification:_identify(log) by extensions ['ignore', 'ignore_ament_install']
[2.282s] Level 1:colcon.colcon_core.package_identification:_identify(log) by extension 'ignore'
[2.282s] Level 1:colcon.colcon_core.package_identification:_identify(log) ignored
[2.282s] Level 1:colcon.colcon_core.package_identification:_identify(src) by extensions ['ignore', 'ignore_ament_install']
[2.283s] Level 1:colcon.colcon_core.package_identification:_identify(src) by extension 'ignore'
[2.283s] Level 1:colcon.colcon_core.package_identification:_identify(src) by extension 'ignore_ament_install'
[2.283s] Level 1:colcon.colcon_core.package_identification:_identify(src) by extensions ['colcon_pkg']
[2.283s] Level 1:colcon.colcon_core.package_identification:_identify(src) by extension 'colcon_pkg'
[2.284s] Level 1:colcon.colcon_core.package_identification:_identify(src) by extensions ['colcon_meta']
[2.284s] Level 1:colcon.colcon_core.package_identification:_identify(src) by extension 'colcon_meta'
[2.284s] Level 1:colcon.colcon_core.package_identification:_identify(src) by extensions ['ros']
[2.284s] Level 1:colcon.colcon_core.package_identification:_identify(src) by extension 'ros'
[2.285s] Level 1:colcon.colcon_core.package_identification:_identify(src) by extensions ['cmake', 'python']
[2.285s] Level 1:colcon.colcon_core.package_identification:_identify(src) by extension 'cmake'
[2.285s] Level 1:colcon.colcon_core.package_identification:_identify(src) by extension 'python'
[2.285s] Level 1:colcon.colcon_core.package_identification:_identify(src) by extensions ['python_setup_py']
[2.285s] Level 1:colcon.colcon_core.package_identification:_identify(src) by extension 'python_setup_py'
[2.286s] Level 1:colcon.colcon_core.package_identification:_identify(src/sambergeni_controller) by extensions ['ignore', 'ignore_ament_install']
[2.286s] Level 1:colcon.colcon_core.package_identification:_identify(src/sambergeni_controller) by extension 'ignore'
[2.287s] Level 1:colcon.colcon_core.package_identification:_identify(src/sambergeni_controller) by extension 'ignore_ament_install'
[2.287s] Level 1:colcon.colcon_core.package_identification:_identify(src/sambergeni_controller) by extensions ['colcon_pkg']
[2.287s] Level 1:colcon.colcon_core.package_identification:_identify(src/sambergeni_controller) by extension 'colcon_pkg'
[2.287s] Level 1:colcon.colcon_core.package_identification:_identify(src/sambergeni_controller) by extensions ['colcon_meta']
[2.287s] Level 1:colcon.colcon_core.package_identification:_identify(src/sambergeni_controller) by extension 'colcon_meta'
[2.287s] Level 1:colcon.colcon_core.package_identification:_identify(src/sambergeni_controller) by extensions ['ros']
[2.287s] Level 1:colcon.colcon_core.package_identification:_identify(src/sambergeni_controller) by extension 'ros'
[2.302s] DEBUG:colcon.colcon_core.package_identification:Package 'src/sambergeni_controller' with type 'ros.ament_python' and name 'sambergeni_controller'
[2.303s] Level 1:colcon.colcon_core.package_discovery:discover_packages(recursive) using defaults
[2.303s] Level 1:colcon.colcon_core.package_discovery:discover_packages(ignore) discover
[2.303s] Level 1:colcon.colcon_core.package_discovery:discover_packages(ignore) using defaults
[2.303s] Level 1:colcon.colcon_core.package_discovery:discover_packages(path) discover
[2.303s] Level 1:colcon.colcon_core.package_discovery:discover_packages(path) using defaults
[2.412s] Level 1:colcon.colcon_core.package_discovery:discover_packages(prefix_path) check parameters
[2.413s] Level 1:colcon.colcon_core.package_discovery:discover_packages(prefix_path) discover
[2.431s] DEBUG:colcon.colcon_installed_package_information.package_discovery:Found 1 installed packages in /home/sambergeni/ros2_ws/install
[2.441s] DEBUG:colcon.colcon_installed_package_information.package_discovery:Found 295 installed packages in /opt/ros/humble
[2.448s] Level 1:colcon.colcon_core.package_discovery:discover_packages(prefix_path) using defaults
[2.643s] Level 5:colcon.colcon_core.verb:set package 'sambergeni_controller' build argument 'cmake_args' from command line to 'None'
[2.643s] Level 5:colcon.colcon_core.verb:set package 'sambergeni_controller' build argument 'cmake_target' from command line to 'None'
[2.643s] Level 5:colcon.colcon_core.verb:set package 'sambergeni_controller' build argument 'cmake_target_skip_unavailable' from command line to 'False'
[2.644s] Level 5:colcon.colcon_core.verb:set package 'sambergeni_controller' build argument 'cmake_clean_cache' from command line to 'False'
[2.644s] Level 5:colcon.colcon_core.verb:set package 'sambergeni_controller' build argument 'cmake_clean_first' from command line to 'False'
[2.644s] Level 5:colcon.colcon_core.verb:set package 'sambergeni_controller' build argument 'cmake_force_configure' from command line to 'False'
[2.644s] Level 5:colcon.colcon_core.verb:set package 'sambergeni_controller' build argument 'ament_cmake_args' from command line to 'None'
[2.644s] Level 5:colcon.colcon_core.verb:set package 'sambergeni_controller' build argument 'catkin_cmake_args' from command line to 'None'
[2.644s] Level 5:colcon.colcon_core.verb:set package 'sambergeni_controller' build argument 'catkin_skip_building_tests' from command line to 'False'
[2.645s] DEBUG:colcon.colcon_core.verb:Building package 'sambergeni_controller' with the following arguments: {'ament_cmake_args': None, 'build_base': '/home/sambergeni/ros2_ws/build/sambergeni_controller', 'catkin_cmake_args': None, 'catkin_skip_building_tests': False, 'cmake_args': None, 'cmake_clean_cache': False, 'cmake_clean_first': False, 'cmake_force_configure': False, 'cmake_target': None, 'cmake_target_skip_unavailable': False, 'install_base': '/home/sambergeni/ros2_ws/install/sambergeni_controller', 'merge_install': False, 'path': '/home/sambergeni/ros2_ws/src/sambergeni_controller', 'symlink_install': False, 'test_result_base': None}
[2.645s] INFO:colcon.colcon_core.executor:Executing jobs using 'parallel' executor
[2.649s] DEBUG:colcon.colcon_parallel_executor.executor.parallel:run_until_complete
[2.650s] INFO:colcon.colcon_ros.task.ament_python.build:Building ROS package in '/home/sambergeni/ros2_ws/src/sambergeni_controller' with build type 'ament_python'
[2.651s] Level 1:colcon.colcon_core.shell:create_environment_hook('sambergeni_controller', 'ament_prefix_path')
[2.672s] INFO:colcon.colcon_core.plugin_system:Skipping extension 'colcon_core.shell.bat': Not used on non-Windows systems
[2.673s] INFO:colcon.colcon_core.shell:Creating environment hook '/home/sambergeni/ros2_ws/install/sambergeni_controller/share/sambergeni_controller/hook/ament_prefix_path.ps1'
[2.679s] INFO:colcon.colcon_core.shell:Creating environment descriptor '/home/sambergeni/ros2_ws/install/sambergeni_controller/share/sambergeni_controller/hook/ament_prefix_path.dsv'
[2.685s] INFO:colcon.colcon_core.shell:Creating environment hook '/home/sambergeni/ros2_ws/install/sambergeni_controller/share/sambergeni_controller/hook/ament_prefix_path.sh'
[2.691s] INFO:colcon.colcon_core.shell:Skip shell extension 'powershell' for command environment: Not usable outside of PowerShell
[2.692s] DEBUG:colcon.colcon_core.shell:Skip shell extension 'dsv' for command environment
[4.374s] INFO:colcon.colcon_core.task.python.build:Building Python package in '/home/sambergeni/ros2_ws/src/sambergeni_controller'
[4.375s] INFO:colcon.colcon_core.shell:Skip shell extension 'powershell' for command environment: Not usable outside of PowerShell
[4.375s] DEBUG:colcon.colcon_core.shell:Skip shell extension 'dsv' for command environment
[6.635s] DEBUG:colcon.colcon_core.event_handler.log_command:Invoking command in '/home/sambergeni/ros2_ws/src/sambergeni_controller': PYTHONPATH=/home/sambergeni/ros2_ws/build/sambergeni_controller/prefix_override:/usr/lib/python3/dist-packages/colcon_core/task/python/colcon_distutils_commands:/home/sambergeni/ros2_ws/install/sambergeni_controller/lib/python3.10/site-packages:${PYTHONPATH} /usr/bin/python3 -W ignore:setup.py install is deprecated -W ignore:easy_install command is deprecated setup.py egg_info --egg-base ../../build/sambergeni_controller build --build-base /home/sambergeni/ros2_ws/build/sambergeni_controller/build install --record /home/sambergeni/ros2_ws/build/sambergeni_controller/install.log --single-version-externally-managed install_data
[8.590s] DEBUG:colcon.colcon_core.event_handler.log_command:Invoked command in '/home/sambergeni/ros2_ws/src/sambergeni_controller' returned '0': PYTHONPATH=/home/sambergeni/ros2_ws/build/sambergeni_controller/prefix_override:/usr/lib/python3/dist-packages/colcon_core/task/python/colcon_distutils_commands:/home/sambergeni/ros2_ws/install/sambergeni_controller/lib/python3.10/site-packages:${PYTHONPATH} /usr/bin/python3 -W ignore:setup.py install is deprecated -W ignore:easy_install command is deprecated setup.py egg_info --egg-base ../../build/sambergeni_controller build --build-base /home/sambergeni/ros2_ws/build/sambergeni_controller/build install --record /home/sambergeni/ros2_ws/build/sambergeni_controller/install.log --single-version-externally-managed install_data
[8.617s] Level 1:colcon.colcon_core.environment:checking '/home/sambergeni/ros2_ws/install/sambergeni_controller' for CMake module files
[8.621s] Level 1:colcon.colcon_core.environment:checking '/home/sambergeni/ros2_ws/install/sambergeni_controller' for CMake config files
[8.626s] Level 1:colcon.colcon_core.environment:checking '/home/sambergeni/ros2_ws/install/sambergeni_controller/lib'
[8.627s] Level 1:colcon.colcon_core.environment:checking '/home/sambergeni/ros2_ws/install/sambergeni_controller/bin'
[8.628s] Level 1:colcon.colcon_core.environment:checking '/home/sambergeni/ros2_ws/install/sambergeni_controller/lib/pkgconfig/sambergeni_controller.pc'
[8.629s] Level 1:colcon.colcon_core.environment:checking '/home/sambergeni/ros2_ws/install/sambergeni_controller/lib/python3.10/site-packages'
[8.629s] Level 1:colcon.colcon_core.shell:create_environment_hook('sambergeni_controller', 'pythonpath')
[8.631s] INFO:colcon.colcon_core.shell:Creating environment hook '/home/sambergeni/ros2_ws/install/sambergeni_controller/share/sambergeni_controller/hook/pythonpath.ps1'
[8.633s] INFO:colcon.colcon_core.shell:Creating environment descriptor '/home/sambergeni/ros2_ws/install/sambergeni_controller/share/sambergeni_controller/hook/pythonpath.dsv'
[8.637s] INFO:colcon.colcon_core.shell:Creating environment hook '/home/sambergeni/ros2_ws/install/sambergeni_controller/share/sambergeni_controller/hook/pythonpath.sh'
[8.641s] Level 1:colcon.colcon_core.environment:checking '/home/sambergeni/ros2_ws/install/sambergeni_controller/bin'
[8.641s] Level 1:colcon.colcon_core.environment:create_environment_scripts_only(sambergeni_controller)
[8.643s] INFO:colcon.colcon_core.shell:Creating package script '/home/sambergeni/ros2_ws/install/sambergeni_controller/share/sambergeni_controller/package.ps1'
[8.653s] INFO:colcon.colcon_core.shell:Creating package descriptor '/home/sambergeni/ros2_ws/install/sambergeni_controller/share/sambergeni_controller/package.dsv'
[8.661s] INFO:colcon.colcon_core.shell:Creating package script '/home/sambergeni/ros2_ws/install/sambergeni_controller/share/sambergeni_controller/package.sh'
[8.666s] INFO:colcon.colcon_core.shell:Creating package script '/home/sambergeni/ros2_ws/install/sambergeni_controller/share/sambergeni_controller/package.bash'
[8.671s] INFO:colcon.colcon_core.shell:Creating package script '/home/sambergeni/ros2_ws/install/sambergeni_controller/share/sambergeni_controller/package.zsh'
[8.676s] Level 1:colcon.colcon_core.environment:create_file_with_runtime_dependencies(/home/sambergeni/ros2_ws/install/sambergeni_controller/share/colcon-core/packages/sambergeni_controller)
[8.678s] DEBUG:colcon.colcon_parallel_executor.executor.parallel:closing loop
[8.679s] DEBUG:colcon.colcon_parallel_executor.executor.parallel:loop closed
[8.680s] DEBUG:colcon.colcon_parallel_executor.executor.parallel:run_until_complete finished with '0'
[8.680s] DEBUG:colcon.colcon_core.event_reactor:joining thread
[8.713s] INFO:colcon.colcon_core.plugin_system:Skipping extension 'colcon_notification.desktop_notification.terminal_notifier': Not used on non-Darwin systems
[8.713s] INFO:colcon.colcon_core.plugin_system:Skipping extension 'colcon_notification.desktop_notification.win32': Not used on non-Windows systems
[8.714s] INFO:colcon.colcon_notification.desktop_notification:Sending desktop notification using 'notify2'
[8.858s] DEBUG:colcon.colcon_core.event_reactor:joined thread
[8.861s] INFO:colcon.colcon_core.shell:Creating prefix script '/home/sambergeni/ros2_ws/install/local_setup.ps1'
[8.869s] INFO:colcon.colcon_core.shell:Creating prefix util module '/home/sambergeni/ros2_ws/install/_local_setup_util_ps1.py'
[8.881s] INFO:colcon.colcon_core.shell:Creating prefix chain script '/home/sambergeni/ros2_ws/install/setup.ps1'
[8.889s] INFO:colcon.colcon_core.shell:Creating prefix script '/home/sambergeni/ros2_ws/install/local_setup.sh'
[8.894s] INFO:colcon.colcon_core.shell:Creating prefix util module '/home/sambergeni/ros2_ws/install/_local_setup_util_sh.py'
[8.899s] INFO:colcon.colcon_core.shell:Creating prefix chain script '/home/sambergeni/ros2_ws/install/setup.sh'
[8.907s] INFO:colcon.colcon_core.shell:Creating prefix script '/home/sambergeni/ros2_ws/install/local_setup.bash'
[8.912s] INFO:colcon.colcon_core.shell:Creating prefix chain script '/home/sambergeni/ros2_ws/install/setup.bash'
[8.919s] INFO:colcon.colcon_core.shell:Creating prefix script '/home/sambergeni/ros2_ws/install/local_setup.zsh'
[8.928s] INFO:colcon.colcon_core.shell:Creating prefix chain script '/home/sambergeni/ros2_ws/install/setup.zsh'
