/home/sambergeni/ros2_ws/install/sambergeni_controller/lib/python3.10/site-packages/sambergeni_controller/testing.py
/home/sambergeni/ros2_ws/install/sambergeni_controller/lib/python3.10/site-packages/sambergeni_controller/testing2.py
/home/sambergeni/ros2_ws/install/sambergeni_controller/lib/python3.10/site-packages/sambergeni_controller/testing3.py
/home/sambergeni/ros2_ws/install/sambergeni_controller/lib/python3.10/site-packages/sambergeni_controller/__init__.py
/home/sambergeni/ros2_ws/install/sambergeni_controller/lib/python3.10/site-packages/sambergeni_controller/testing4.py
/home/sambergeni/ros2_ws/install/sambergeni_controller/lib/python3.10/site-packages/sambergeni_controller/__pycache__/testing.cpython-310.pyc
/home/sambergeni/ros2_ws/install/sambergeni_controller/lib/python3.10/site-packages/sambergeni_controller/__pycache__/testing2.cpython-310.pyc
/home/sambergeni/ros2_ws/install/sambergeni_controller/lib/python3.10/site-packages/sambergeni_controller/__pycache__/testing3.cpython-310.pyc
/home/sambergeni/ros2_ws/install/sambergeni_controller/lib/python3.10/site-packages/sambergeni_controller/__pycache__/__init__.cpython-310.pyc
/home/sambergeni/ros2_ws/install/sambergeni_controller/lib/python3.10/site-packages/sambergeni_controller/__pycache__/testing4.cpython-310.pyc
/home/sambergeni/ros2_ws/install/sambergeni_controller/share/ament_index/resource_index/packages/sambergeni_controller
/home/sambergeni/ros2_ws/install/sambergeni_controller/share/sambergeni_controller/package.xml
/home/sambergeni/ros2_ws/install/sambergeni_controller/lib/python3.10/site-packages/sambergeni_controller-0.0.0-py3.10.egg-info/zip-safe
/home/sambergeni/ros2_ws/install/sambergeni_controller/lib/python3.10/site-packages/sambergeni_controller-0.0.0-py3.10.egg-info/PKG-INFO
/home/sambergeni/ros2_ws/install/sambergeni_controller/lib/python3.10/site-packages/sambergeni_controller-0.0.0-py3.10.egg-info/top_level.txt
/home/sambergeni/ros2_ws/install/sambergeni_controller/lib/python3.10/site-packages/sambergeni_controller-0.0.0-py3.10.egg-info/requires.txt
/home/sambergeni/ros2_ws/install/sambergeni_controller/lib/python3.10/site-packages/sambergeni_controller-0.0.0-py3.10.egg-info/entry_points.txt
/home/sambergeni/ros2_ws/install/sambergeni_controller/lib/python3.10/site-packages/sambergeni_controller-0.0.0-py3.10.egg-info/dependency_links.txt
/home/sambergeni/ros2_ws/install/sambergeni_controller/lib/python3.10/site-packages/sambergeni_controller-0.0.0-py3.10.egg-info/SOURCES.txt
/home/sambergeni/ros2_ws/install/sambergeni_controller/lib/sambergeni_controller/test_node
/home/sambergeni/ros2_ws/install/sambergeni_controller/lib/sambergeni_controller/test_node2
/home/sambergeni/ros2_ws/install/sambergeni_controller/lib/sambergeni_controller/test_node3
/home/sambergeni/ros2_ws/install/sambergeni_controller/lib/sambergeni_controller/test_node4
