[0.510s] DEBUG:colcon:Command line arguments: ['/usr/bin/colcon', 'build']
[0.511s] DEBUG:colcon:Parsed command line arguments: Namespace(log_base=None, log_level=None, verb_name='build', build_base='build', install_base='install', merge_install=False, symlink_install=False, test_result_base=None, continue_on_error=False, executor='parallel', parallel_workers=4, event_handlers=None, ignore_user_meta=False, metas=['./colcon.meta'], base_paths=['.'], packages_ignore=None, packages_ignore_regex=None, paths=None, packages_up_to=None, packages_up_to_regex=None, packages_above=None, packages_above_and_dependencies=None, packages_above_depth=None, packages_select_by_dep=None, packages_skip_by_dep=None, packages_skip_up_to=None, packages_select_build_failed=False, packages_skip_build_finished=False, packages_select_test_failures=False, packages_skip_test_passed=False, packages_select=None, packages_skip=None, packages_select_regex=None, packages_skip_regex=None, packages_start=None, packages_end=None, allow_overriding=[], cmake_args=None, cmake_target=None, cmake_target_skip_unavailable=False, cmake_clean_cache=False, cmake_clean_first=False, cmake_force_configure=False, ament_cmake_args=None, catkin_cmake_args=None, catkin_skip_building_tests=False, mixin_files=None, mixin=None, verb_parser=<colcon_mixin.mixin.mixin_argument.MixinArgumentDecorator object at 0xffffae22d7b0>, verb_extension=<colcon_core.verb.build.BuildVerb object at 0xffffae3d26b0>, main=<bound method BuildVerb.main of <colcon_core.verb.build.BuildVerb object at 0xffffae3d26b0>>, mixin_verb=('build',))
[1.520s] Level 1:colcon.colcon_core.package_discovery:discover_packages(colcon_meta) check parameters
[1.521s] Level 1:colcon.colcon_core.package_discovery:discover_packages(recursive) check parameters
[1.521s] Level 1:colcon.colcon_core.package_discovery:discover_packages(ignore) check parameters
[1.522s] Level 1:colcon.colcon_core.package_discovery:discover_packages(path) check parameters
[1.522s] Level 1:colcon.colcon_core.package_discovery:discover_packages(colcon_meta) discover
[1.523s] Level 1:colcon.colcon_core.package_discovery:discover_packages(recursive) discover
[1.523s] INFO:colcon.colcon_core.package_discovery:Crawling recursively for packages in '/home/sambergeni/ros2_ws'
[1.524s] Level 1:colcon.colcon_core.package_identification:_identify(.) by extensions ['ignore', 'ignore_ament_install']
[1.525s] Level 1:colcon.colcon_core.package_identification:_identify(.) by extension 'ignore'
[1.526s] Level 1:colcon.colcon_core.package_identification:_identify(.) by extension 'ignore_ament_install'
[1.527s] Level 1:colcon.colcon_core.package_identification:_identify(.) by extensions ['colcon_pkg']
[1.527s] Level 1:colcon.colcon_core.package_identification:_identify(.) by extension 'colcon_pkg'
[1.528s] Level 1:colcon.colcon_core.package_identification:_identify(.) by extensions ['colcon_meta']
[1.528s] Level 1:colcon.colcon_core.package_identification:_identify(.) by extension 'colcon_meta'
[1.528s] Level 1:colcon.colcon_core.package_identification:_identify(.) by extensions ['ros']
[1.529s] Level 1:colcon.colcon_core.package_identification:_identify(.) by extension 'ros'
[1.615s] Level 1:colcon.colcon_core.package_identification:_identify(.) by extensions ['cmake', 'python']
[1.616s] Level 1:colcon.colcon_core.package_identification:_identify(.) by extension 'cmake'
[1.616s] Level 1:colcon.colcon_core.package_identification:_identify(.) by extension 'python'
[1.616s] Level 1:colcon.colcon_core.package_identification:_identify(.) by extensions ['python_setup_py']
[1.616s] Level 1:colcon.colcon_core.package_identification:_identify(.) by extension 'python_setup_py'
[1.617s] Level 1:colcon.colcon_core.package_identification:_identify(build) by extensions ['ignore', 'ignore_ament_install']
[1.617s] Level 1:colcon.colcon_core.package_identification:_identify(build) by extension 'ignore'
[1.617s] Level 1:colcon.colcon_core.package_identification:_identify(build) ignored
[1.618s] Level 1:colcon.colcon_core.package_identification:_identify(install) by extensions ['ignore', 'ignore_ament_install']
[1.618s] Level 1:colcon.colcon_core.package_identification:_identify(install) by extension 'ignore'
[1.619s] Level 1:colcon.colcon_core.package_identification:_identify(install) ignored
[1.619s] Level 1:colcon.colcon_core.package_identification:_identify(log) by extensions ['ignore', 'ignore_ament_install']
[1.619s] Level 1:colcon.colcon_core.package_identification:_identify(log) by extension 'ignore'
[1.619s] Level 1:colcon.colcon_core.package_identification:_identify(log) ignored
[1.620s] Level 1:colcon.colcon_core.package_identification:_identify(src) by extensions ['ignore', 'ignore_ament_install']
[1.620s] Level 1:colcon.colcon_core.package_identification:_identify(src) by extension 'ignore'
[1.620s] Level 1:colcon.colcon_core.package_identification:_identify(src) by extension 'ignore_ament_install'
[1.621s] Level 1:colcon.colcon_core.package_identification:_identify(src) by extensions ['colcon_pkg']
[1.621s] Level 1:colcon.colcon_core.package_identification:_identify(src) by extension 'colcon_pkg'
[1.621s] Level 1:colcon.colcon_core.package_identification:_identify(src) by extensions ['colcon_meta']
[1.621s] Level 1:colcon.colcon_core.package_identification:_identify(src) by extension 'colcon_meta'
[1.621s] Level 1:colcon.colcon_core.package_identification:_identify(src) by extensions ['ros']
[1.621s] Level 1:colcon.colcon_core.package_identification:_identify(src) by extension 'ros'
[1.622s] Level 1:colcon.colcon_core.package_identification:_identify(src) by extensions ['cmake', 'python']
[1.622s] Level 1:colcon.colcon_core.package_identification:_identify(src) by extension 'cmake'
[1.622s] Level 1:colcon.colcon_core.package_identification:_identify(src) by extension 'python'
[1.622s] Level 1:colcon.colcon_core.package_identification:_identify(src) by extensions ['python_setup_py']
[1.622s] Level 1:colcon.colcon_core.package_identification:_identify(src) by extension 'python_setup_py'
[1.623s] Level 1:colcon.colcon_core.package_identification:_identify(src/sambergeni_controller) by extensions ['ignore', 'ignore_ament_install']
[1.623s] Level 1:colcon.colcon_core.package_identification:_identify(src/sambergeni_controller) by extension 'ignore'
[1.624s] Level 1:colcon.colcon_core.package_identification:_identify(src/sambergeni_controller) by extension 'ignore_ament_install'
[1.624s] Level 1:colcon.colcon_core.package_identification:_identify(src/sambergeni_controller) by extensions ['colcon_pkg']
[1.624s] Level 1:colcon.colcon_core.package_identification:_identify(src/sambergeni_controller) by extension 'colcon_pkg'
[1.624s] Level 1:colcon.colcon_core.package_identification:_identify(src/sambergeni_controller) by extensions ['colcon_meta']
[1.624s] Level 1:colcon.colcon_core.package_identification:_identify(src/sambergeni_controller) by extension 'colcon_meta'
[1.625s] Level 1:colcon.colcon_core.package_identification:_identify(src/sambergeni_controller) by extensions ['ros']
[1.625s] Level 1:colcon.colcon_core.package_identification:_identify(src/sambergeni_controller) by extension 'ros'
[1.635s] DEBUG:colcon.colcon_core.package_identification:Package 'src/sambergeni_controller' with type 'ros.ament_python' and name 'sambergeni_controller'
[1.635s] Level 1:colcon.colcon_core.package_discovery:discover_packages(recursive) using defaults
[1.635s] Level 1:colcon.colcon_core.package_discovery:discover_packages(ignore) discover
[1.636s] Level 1:colcon.colcon_core.package_discovery:discover_packages(ignore) using defaults
[1.636s] Level 1:colcon.colcon_core.package_discovery:discover_packages(path) discover
[1.636s] Level 1:colcon.colcon_core.package_discovery:discover_packages(path) using defaults
[1.713s] Level 1:colcon.colcon_core.package_discovery:discover_packages(prefix_path) check parameters
[1.714s] Level 1:colcon.colcon_core.package_discovery:discover_packages(prefix_path) discover
[1.722s] DEBUG:colcon.colcon_installed_package_information.package_discovery:Found 1 installed packages in /home/sambergeni/ros2_ws/install
[1.731s] DEBUG:colcon.colcon_installed_package_information.package_discovery:Found 295 installed packages in /opt/ros/humble
[1.738s] Level 1:colcon.colcon_core.package_discovery:discover_packages(prefix_path) using defaults
[1.934s] Level 5:colcon.colcon_core.verb:set package 'sambergeni_controller' build argument 'cmake_args' from command line to 'None'
[1.935s] Level 5:colcon.colcon_core.verb:set package 'sambergeni_controller' build argument 'cmake_target' from command line to 'None'
[1.935s] Level 5:colcon.colcon_core.verb:set package 'sambergeni_controller' build argument 'cmake_target_skip_unavailable' from command line to 'False'
[1.935s] Level 5:colcon.colcon_core.verb:set package 'sambergeni_controller' build argument 'cmake_clean_cache' from command line to 'False'
[1.935s] Level 5:colcon.colcon_core.verb:set package 'sambergeni_controller' build argument 'cmake_clean_first' from command line to 'False'
[1.935s] Level 5:colcon.colcon_core.verb:set package 'sambergeni_controller' build argument 'cmake_force_configure' from command line to 'False'
[1.935s] Level 5:colcon.colcon_core.verb:set package 'sambergeni_controller' build argument 'ament_cmake_args' from command line to 'None'
[1.935s] Level 5:colcon.colcon_core.verb:set package 'sambergeni_controller' build argument 'catkin_cmake_args' from command line to 'None'
[1.935s] Level 5:colcon.colcon_core.verb:set package 'sambergeni_controller' build argument 'catkin_skip_building_tests' from command line to 'False'
[1.935s] DEBUG:colcon.colcon_core.verb:Building package 'sambergeni_controller' with the following arguments: {'ament_cmake_args': None, 'build_base': '/home/sambergeni/ros2_ws/build/sambergeni_controller', 'catkin_cmake_args': None, 'catkin_skip_building_tests': False, 'cmake_args': None, 'cmake_clean_cache': False, 'cmake_clean_first': False, 'cmake_force_configure': False, 'cmake_target': None, 'cmake_target_skip_unavailable': False, 'install_base': '/home/sambergeni/ros2_ws/install/sambergeni_controller', 'merge_install': False, 'path': '/home/sambergeni/ros2_ws/src/sambergeni_controller', 'symlink_install': False, 'test_result_base': None}
[1.936s] INFO:colcon.colcon_core.executor:Executing jobs using 'parallel' executor
[1.939s] DEBUG:colcon.colcon_parallel_executor.executor.parallel:run_until_complete
[1.940s] INFO:colcon.colcon_ros.task.ament_python.build:Building ROS package in '/home/sambergeni/ros2_ws/src/sambergeni_controller' with build type 'ament_python'
[1.941s] Level 1:colcon.colcon_core.shell:create_environment_hook('sambergeni_controller', 'ament_prefix_path')
[1.951s] INFO:colcon.colcon_core.plugin_system:Skipping extension 'colcon_core.shell.bat': Not used on non-Windows systems
[1.953s] INFO:colcon.colcon_core.shell:Creating environment hook '/home/sambergeni/ros2_ws/install/sambergeni_controller/share/sambergeni_controller/hook/ament_prefix_path.ps1'
[1.957s] INFO:colcon.colcon_core.shell:Creating environment descriptor '/home/sambergeni/ros2_ws/install/sambergeni_controller/share/sambergeni_controller/hook/ament_prefix_path.dsv'
[1.959s] INFO:colcon.colcon_core.shell:Creating environment hook '/home/sambergeni/ros2_ws/install/sambergeni_controller/share/sambergeni_controller/hook/ament_prefix_path.sh'
[1.962s] INFO:colcon.colcon_core.shell:Skip shell extension 'powershell' for command environment: Not usable outside of PowerShell
[1.963s] DEBUG:colcon.colcon_core.shell:Skip shell extension 'dsv' for command environment
[3.681s] INFO:colcon.colcon_core.task.python.build:Building Python package in '/home/sambergeni/ros2_ws/src/sambergeni_controller'
[3.682s] INFO:colcon.colcon_core.shell:Skip shell extension 'powershell' for command environment: Not usable outside of PowerShell
[3.683s] DEBUG:colcon.colcon_core.shell:Skip shell extension 'dsv' for command environment
[5.731s] DEBUG:colcon.colcon_core.event_handler.log_command:Invoking command in '/home/sambergeni/ros2_ws/src/sambergeni_controller': PYTHONPATH=/home/sambergeni/ros2_ws/build/sambergeni_controller/prefix_override:/usr/lib/python3/dist-packages/colcon_core/task/python/colcon_distutils_commands:/home/sambergeni/ros2_ws/install/sambergeni_controller/lib/python3.10/site-packages:${PYTHONPATH} /usr/bin/python3 -W ignore:setup.py install is deprecated -W ignore:easy_install command is deprecated setup.py egg_info --egg-base ../../build/sambergeni_controller build --build-base /home/sambergeni/ros2_ws/build/sambergeni_controller/build install --record /home/sambergeni/ros2_ws/build/sambergeni_controller/install.log --single-version-externally-managed install_data
[7.595s] DEBUG:colcon.colcon_core.event_handler.log_command:Invoked command in '/home/sambergeni/ros2_ws/src/sambergeni_controller' returned '0': PYTHONPATH=/home/sambergeni/ros2_ws/build/sambergeni_controller/prefix_override:/usr/lib/python3/dist-packages/colcon_core/task/python/colcon_distutils_commands:/home/sambergeni/ros2_ws/install/sambergeni_controller/lib/python3.10/site-packages:${PYTHONPATH} /usr/bin/python3 -W ignore:setup.py install is deprecated -W ignore:easy_install command is deprecated setup.py egg_info --egg-base ../../build/sambergeni_controller build --build-base /home/sambergeni/ros2_ws/build/sambergeni_controller/build install --record /home/sambergeni/ros2_ws/build/sambergeni_controller/install.log --single-version-externally-managed install_data
[7.605s] Level 1:colcon.colcon_core.environment:checking '/home/sambergeni/ros2_ws/install/sambergeni_controller' for CMake module files
[7.608s] Level 1:colcon.colcon_core.environment:checking '/home/sambergeni/ros2_ws/install/sambergeni_controller' for CMake config files
[7.613s] Level 1:colcon.colcon_core.environment:checking '/home/sambergeni/ros2_ws/install/sambergeni_controller/lib'
[7.615s] Level 1:colcon.colcon_core.environment:checking '/home/sambergeni/ros2_ws/install/sambergeni_controller/bin'
[7.615s] Level 1:colcon.colcon_core.environment:checking '/home/sambergeni/ros2_ws/install/sambergeni_controller/lib/pkgconfig/sambergeni_controller.pc'
[7.617s] Level 1:colcon.colcon_core.environment:checking '/home/sambergeni/ros2_ws/install/sambergeni_controller/lib/python3.10/site-packages'
[7.617s] Level 1:colcon.colcon_core.shell:create_environment_hook('sambergeni_controller', 'pythonpath')
[7.618s] INFO:colcon.colcon_core.shell:Creating environment hook '/home/sambergeni/ros2_ws/install/sambergeni_controller/share/sambergeni_controller/hook/pythonpath.ps1'
[7.621s] INFO:colcon.colcon_core.shell:Creating environment descriptor '/home/sambergeni/ros2_ws/install/sambergeni_controller/share/sambergeni_controller/hook/pythonpath.dsv'
[7.623s] INFO:colcon.colcon_core.shell:Creating environment hook '/home/sambergeni/ros2_ws/install/sambergeni_controller/share/sambergeni_controller/hook/pythonpath.sh'
[7.628s] Level 1:colcon.colcon_core.environment:checking '/home/sambergeni/ros2_ws/install/sambergeni_controller/bin'
[7.628s] Level 1:colcon.colcon_core.environment:create_environment_scripts_only(sambergeni_controller)
[7.630s] INFO:colcon.colcon_core.shell:Creating package script '/home/sambergeni/ros2_ws/install/sambergeni_controller/share/sambergeni_controller/package.ps1'
[7.634s] INFO:colcon.colcon_core.shell:Creating package descriptor '/home/sambergeni/ros2_ws/install/sambergeni_controller/share/sambergeni_controller/package.dsv'
[7.644s] INFO:colcon.colcon_core.shell:Creating package script '/home/sambergeni/ros2_ws/install/sambergeni_controller/share/sambergeni_controller/package.sh'
[7.651s] INFO:colcon.colcon_core.shell:Creating package script '/home/sambergeni/ros2_ws/install/sambergeni_controller/share/sambergeni_controller/package.bash'
[7.655s] INFO:colcon.colcon_core.shell:Creating package script '/home/sambergeni/ros2_ws/install/sambergeni_controller/share/sambergeni_controller/package.zsh'
[7.658s] Level 1:colcon.colcon_core.environment:create_file_with_runtime_dependencies(/home/sambergeni/ros2_ws/install/sambergeni_controller/share/colcon-core/packages/sambergeni_controller)
[7.660s] DEBUG:colcon.colcon_parallel_executor.executor.parallel:closing loop
[7.661s] DEBUG:colcon.colcon_parallel_executor.executor.parallel:loop closed
[7.661s] DEBUG:colcon.colcon_parallel_executor.executor.parallel:run_until_complete finished with '0'
[7.661s] DEBUG:colcon.colcon_core.event_reactor:joining thread
[7.691s] INFO:colcon.colcon_core.plugin_system:Skipping extension 'colcon_notification.desktop_notification.terminal_notifier': Not used on non-Darwin systems
[7.691s] INFO:colcon.colcon_core.plugin_system:Skipping extension 'colcon_notification.desktop_notification.win32': Not used on non-Windows systems
[7.692s] INFO:colcon.colcon_notification.desktop_notification:Sending desktop notification using 'notify2'
[7.792s] DEBUG:colcon.colcon_core.event_reactor:joined thread
[7.793s] INFO:colcon.colcon_core.shell:Creating prefix script '/home/sambergeni/ros2_ws/install/local_setup.ps1'
[7.799s] INFO:colcon.colcon_core.shell:Creating prefix util module '/home/sambergeni/ros2_ws/install/_local_setup_util_ps1.py'
[7.806s] INFO:colcon.colcon_core.shell:Creating prefix chain script '/home/sambergeni/ros2_ws/install/setup.ps1'
[7.812s] INFO:colcon.colcon_core.shell:Creating prefix script '/home/sambergeni/ros2_ws/install/local_setup.sh'
[7.816s] INFO:colcon.colcon_core.shell:Creating prefix util module '/home/sambergeni/ros2_ws/install/_local_setup_util_sh.py'
[7.820s] INFO:colcon.colcon_core.shell:Creating prefix chain script '/home/sambergeni/ros2_ws/install/setup.sh'
[7.825s] INFO:colcon.colcon_core.shell:Creating prefix script '/home/sambergeni/ros2_ws/install/local_setup.bash'
[7.832s] INFO:colcon.colcon_core.shell:Creating prefix chain script '/home/sambergeni/ros2_ws/install/setup.bash'
[7.838s] INFO:colcon.colcon_core.shell:Creating prefix script '/home/sambergeni/ros2_ws/install/local_setup.zsh'
[7.845s] INFO:colcon.colcon_core.shell:Creating prefix chain script '/home/sambergeni/ros2_ws/install/setup.zsh'
